# JRE version: Java(TM) SE Runtime Environment (8.0_91-b15) (build 1.8.0_91-b15)
# Java VM: Java HotSpot(TM) 64-Bit Server VM (25.91-b15 mixed mode windows-amd64 compressed oops)
Heap:
 PSYoungGen      total 435200K, used 352168K [0x00000006eb100000, 0x000000070ad80000, 0x00000007c0000000)
  eden space 434688K, 80% used [0x00000006eb100000,0x00000007008ca2b8,0x0000000705980000)
  from space 512K, 25% used [0x0000000706380000,0x00000007063a0000,0x0000000706400000)
  to   space 43008K, 0% used [0x0000000708380000,0x0000000708380000,0x000000070ad80000)
 ParOldGen       total 526336K, used 93531K [0x0000000541200000, 0x0000000561400000, 0x00000006eb100000)
  object space 526336K, 17% used [0x0000000541200000,0x0000000546d56e00,0x0000000561400000)
 Metaspace       used 42339K, capacity 43168K, committed 43520K, reserved 1087488K
  class space    used 5325K, capacity 5507K, committed 5632K, reserved 1048576K
GC Heap History (10 events):
Event: 53.978 GC heap before
{Heap before GC invocations=31 (full 2):
 PSYoungGen      total 528384K, used 489024K [0x00000006eb100000, 0x000000070f680000, 0x00000007c0000000)
  eden space 488960K, 100% used [0x00000006eb100000,0x0000000708e80000,0x0000000708e80000)
  from space 39424K, 0% used [0x000000070d000000,0x000000070d010000,0x000000070f680000)
  to   space 53248K, 0% used [0x0000000708e80000,0x0000000708e80000,0x000000070c280000)
 ParOldGen       total 526336K, used 93523K [0x0000000541200000, 0x0000000561400000, 0x00000006eb100000)
  object space 526336K, 17% used [0x0000000541200000,0x0000000546d54e00,0x0000000561400000)
 Metaspace       used 42297K, capacity 43104K, committed 43264K, reserved 1087488K
  class space    used 5323K, capacity 5507K, committed 5632K, reserved 1048576K
Event: 53.983 GC heap after
Heap after GC invocations=31 (full 2):
 PSYoungGen      total 477696K, used 64K [0x00000006eb100000, 0x000000070e700000, 0x00000007c0000000)
  eden space 477184K, 0% used [0x00000006eb100000,0x00000006eb100000,0x0000000708300000)
  from space 512K, 12% used [0x0000000708e80000,0x0000000708e90000,0x0000000708f00000)
  to   space 51200K, 0% used [0x000000070b500000,0x000000070b500000,0x000000070e700000)
 ParOldGen       total 526336K, used 93523K [0x0000000541200000, 0x0000000561400000, 0x00000006eb100000)
  object space 526336K, 17% used [0x0000000541200000,0x0000000546d54e00,0x0000000561400000)
 Metaspace       used 42297K, capacity 43104K, committed 43264K, reserved 1087488K
  class space    used 5323K, capacity 5507K, committed 5632K, reserved 1048576K
}
Event: 55.772 GC heap before
{Heap before GC invocations=32 (full 2):
 PSYoungGen      total 477696K, used 477248K [0x00000006eb100000, 0x000000070e700000, 0x00000007c0000000)
  eden space 477184K, 100% used [0x00000006eb100000,0x0000000708300000,0x0000000708300000)
  from space 512K, 12% used [0x0000000708e80000,0x0000000708e90000,0x0000000708f00000)
  to   space 51200K, 0% used [0x000000070b500000,0x000000070b500000,0x000000070e700000)
 ParOldGen       total 526336K, used 93523K [0x0000000541200000, 0x0000000561400000, 0x00000006eb100000)
  object space 526336K, 17% used [0x0000000541200000,0x0000000546d54e00,0x0000000561400000)
 Metaspace       used 42297K, capacity 43104K, committed 43264K, reserved 1087488K
  class space    used 5323K, capacity 5507K, committed 5632K, reserved 1048576K
Event: 55.774 GC heap after
Heap after GC invocations=32 (full 2):
 PSYoungGen      total 502784K, used 64K [0x00000006eb100000, 0x000000070d900000, 0x00000007c0000000)
  eden space 465920K, 0% used [0x00000006eb100000,0x00000006eb100000,0x0000000707800000)
  from space 36864K, 0% used [0x000000070b500000,0x000000070b510000,0x000000070d900000)
  to   space 49664K, 0% used [0x0000000707800000,0x0000000707800000,0x000000070a880000)
 ParOldGen       total 526336K, used 93523K [0x0000000541200000, 0x0000000561400000, 0x00000006eb100000)
  object space 526336K, 17% used [0x0000000541200000,0x0000000546d54e00,0x0000000561400000)
 Metaspace       used 42297K, capacity 43104K, committed 43264K, reserved 1087488K
  class space    used 5323K, capacity 5507K, committed 5632K, reserved 1048576K
}
Event: 57.517 GC heap before
{Heap before GC invocations=33 (full 2):
 PSYoungGen      total 502784K, used 465984K [0x00000006eb100000, 0x000000070d900000, 0x00000007c0000000)
  eden space 465920K, 100% used [0x00000006eb100000,0x0000000707800000,0x0000000707800000)
  from space 36864K, 0% used [0x000000070b500000,0x000000070b510000,0x000000070d900000)
  to   space 49664K, 0% used [0x0000000707800000,0x0000000707800000,0x000000070a880000)
 ParOldGen       total 526336K, used 93523K [0x0000000541200000, 0x0000000561400000, 0x00000006eb100000)
  object space 526336K, 17% used [0x0000000541200000,0x0000000546d54e00,0x0000000561400000)
 Metaspace       used 42297K, capacity 43104K, committed 43264K, reserved 1087488K
  class space    used 5323K, capacity 5507K, committed 5632K, reserved 1048576K
Event: 57.520 GC heap after
Heap after GC invocations=33 (full 2):
 PSYoungGen      total 455680K, used 64K [0x00000006eb100000, 0x000000070c980000, 0x00000007c0000000)
  eden space 455168K, 0% used [0x00000006eb100000,0x00000006eb100000,0x0000000706d80000)
  from space 512K, 12% used [0x0000000707800000,0x0000000707810000,0x0000000707880000)
  to   space 47104K, 0% used [0x0000000709b80000,0x0000000709b80000,0x000000070c980000)
 ParOldGen       total 526336K, used 93523K [0x0000000541200000, 0x0000000561400000, 0x00000006eb100000)
  object space 526336K, 17% used [0x0000000541200000,0x0000000546d54e00,0x0000000561400000)
 Metaspace       used 42297K, capacity 43104K, committed 43264K, reserved 1087488K
  class space    used 5323K, capacity 5507K, committed 5632K, reserved 1048576K
}
Event: 59.240 GC heap before
{Heap before GC invocations=34 (full 2):
 PSYoungGen      total 455680K, used 455232K [0x00000006eb100000, 0x000000070c980000, 0x00000007c0000000)
  eden space 455168K, 100% used [0x00000006eb100000,0x0000000706d80000,0x0000000706d80000)
  from space 512K, 12% used [0x0000000707800000,0x0000000707810000,0x0000000707880000)
  to   space 47104K, 0% used [0x0000000709b80000,0x0000000709b80000,0x000000070c980000)
 ParOldGen       total 526336K, used 93523K [0x0000000541200000, 0x0000000561400000, 0x00000006eb100000)
  object space 526336K, 17% used [0x0000000541200000,0x0000000546d54e00,0x0000000561400000)
 Metaspace       used 42297K, capacity 43104K, committed 43264K, reserved 1087488K
  class space    used 5323K, capacity 5507K, committed 5632K, reserved 1048576K
Event: 59.243 GC heap after
Heap after GC invocations=34 (full 2):
 PSYoungGen      total 477696K, used 96K [0x00000006eb100000, 0x000000070bb80000, 0x00000007c0000000)
  eden space 444928K, 0% used [0x00000006eb100000,0x00000006eb100000,0x0000000706380000)
  from space 32768K, 0% used [0x0000000709b80000,0x0000000709b98000,0x000000070bb80000)
  to   space 45056K, 0% used [0x0000000706380000,0x0000000706380000,0x0000000708f80000)
 ParOldGen       total 526336K, used 93523K [0x0000000541200000, 0x0000000561400000, 0x00000006eb100000)
  object space 526336K, 17% used [0x0000000541200000,0x0000000546d54e00,0x0000000561400000)
 Metaspace       used 42297K, capacity 43104K, committed 43264K, reserved 1087488K
  class space    used 5323K, capacity 5507K, committed 5632K, reserved 1048576K
}
Event: 60.913 GC heap before
{Heap before GC invocations=35 (full 2):
 PSYoungGen      total 477696K, used 445024K [0x00000006eb100000, 0x000000070bb80000, 0x00000007c0000000)
  eden space 444928K, 100% used [0x00000006eb100000,0x0000000706380000,0x0000000706380000)
  from space 32768K, 0% used [0x0000000709b80000,0x0000000709b98000,0x000000070bb80000)
  to   space 45056K, 0% used [0x0000000706380000,0x0000000706380000,0x0000000708f80000)
 ParOldGen       total 526336K, used 93523K [0x0000000541200000, 0x0000000561400000, 0x00000006eb100000)
  object space 526336K, 17% used [0x0000000541200000,0x0000000546d54e00,0x0000000561400000)
 Metaspace       used 42297K, capacity 43104K, committed 43264K, reserved 1087488K
  class space    used 5323K, capacity 5507K, committed 5632K, reserved 1048576K
Event: 60.916 GC heap after
Heap after GC invocations=35 (full 2):
 PSYoungGen      total 435200K, used 128K [0x00000006eb100000, 0x000000070ad80000, 0x00000007c0000000)
  eden space 434688K, 0% used [0x00000006eb100000,0x00000006eb100000,0x0000000705980000)
  from space 512K, 25% used [0x0000000706380000,0x00000007063a0000,0x0000000706400000)
  to   space 43008K, 0% used [0x0000000708380000,0x0000000708380000,0x000000070ad80000)
 ParOldGen       total 526336K, used 93531K [0x0000000541200000, 0x0000000561400000, 0x00000006eb100000)
  object space 526336K, 17% used [0x0000000541200000,0x0000000546d56e00,0x0000000561400000)
 Metaspace       used 42297K, capacity 43104K, committed 43264K, reserved 1087488K
  class space    used 5323K, capacity 5507K, committed 5632K, reserved 1048576K
}

